Determining if the pthread_create exist failed with the following output:
Change Dir: /home/lars/git_repos/rb-rca5/robot_control/build/CMakeFiles/CMakeTmp

Run Build Command:"/usr/bin/make" "cmTC_abf1a/fast"
/usr/bin/make -f CMakeFiles/cmTC_abf1a.dir/build.make CMakeFiles/cmTC_abf1a.dir/build
make[1]: Entering directory '/home/lars/git_repos/rb-rca5/robot_control/build/CMakeFiles/CMakeTmp'
Building C object CMakeFiles/cmTC_abf1a.dir/CheckSymbolExists.c.o
/usr/bin/cc    -o CMakeFiles/cmTC_abf1a.dir/CheckSymbolExists.c.o   -c /home/lars/git_repos/rb-rca5/robot_control/build/CMakeFiles/CMakeTmp/CheckSymbolExists.c
Linking C executable cmTC_abf1a
/usr/bin/cmake -E cmake_link_script CMakeFiles/cmTC_abf1a.dir/link.txt --verbose=1
/usr/bin/cc      -rdynamic CMakeFiles/cmTC_abf1a.dir/CheckSymbolExists.c.o  -o cmTC_abf1a 
CMakeFiles/cmTC_abf1a.dir/CheckSymbolExists.c.o: In function `main':
CheckSymbolExists.c:(.text+0x1b): undefined reference to `pthread_create'
collect2: error: ld returned 1 exit status
CMakeFiles/cmTC_abf1a.dir/build.make:97: recipe for target 'cmTC_abf1a' failed
make[1]: *** [cmTC_abf1a] Error 1
make[1]: Leaving directory '/home/lars/git_repos/rb-rca5/robot_control/build/CMakeFiles/CMakeTmp'
Makefile:126: recipe for target 'cmTC_abf1a/fast' failed
make: *** [cmTC_abf1a/fast] Error 2

File /home/lars/git_repos/rb-rca5/robot_control/build/CMakeFiles/CMakeTmp/CheckSymbolExists.c:
/* */
#include <pthread.h>

int main(int argc, char** argv)
{
  (void)argv;
#ifndef pthread_create
  return ((int*)(&pthread_create))[argc];
#else
  (void)argc;
  return 0;
#endif
}

Determining if the function pthread_create exists in the pthreads failed with the following output:
Change Dir: /home/lars/git_repos/rb-rca5/robot_control/build/CMakeFiles/CMakeTmp

Run Build Command:"/usr/bin/make" "cmTC_c427d/fast"
/usr/bin/make -f CMakeFiles/cmTC_c427d.dir/build.make CMakeFiles/cmTC_c427d.dir/build
make[1]: Entering directory '/home/lars/git_repos/rb-rca5/robot_control/build/CMakeFiles/CMakeTmp'
Building C object CMakeFiles/cmTC_c427d.dir/CheckFunctionExists.c.o
/usr/bin/cc   -DCHECK_FUNCTION_EXISTS=pthread_create   -o CMakeFiles/cmTC_c427d.dir/CheckFunctionExists.c.o   -c /usr/share/cmake-3.10/Modules/CheckFunctionExists.c
Linking C executable cmTC_c427d
/usr/bin/cmake -E cmake_link_script CMakeFiles/cmTC_c427d.dir/link.txt --verbose=1
/usr/bin/cc  -DCHECK_FUNCTION_EXISTS=pthread_create    -rdynamic CMakeFiles/cmTC_c427d.dir/CheckFunctionExists.c.o  -o cmTC_c427d -lpthreads 
/usr/bin/ld: cannot find -lpthreads
collect2: error: ld returned 1 exit status
CMakeFiles/cmTC_c427d.dir/build.make:97: recipe for target 'cmTC_c427d' failed
make[1]: *** [cmTC_c427d] Error 1
make[1]: Leaving directory '/home/lars/git_repos/rb-rca5/robot_control/build/CMakeFiles/CMakeTmp'
Makefile:126: recipe for target 'cmTC_c427d/fast' failed
make: *** [cmTC_c427d/fast] Error 2


